This is XeTeX, Version 3.141592653-2.6-0.999995 (TeX Live 2023) (preloaded format=xelatex 2023.10.7)  9 OCT 2023 18:25
entering extended mode
 restricted \write18 enabled.
 file:line:error style messages enabled.
 %&-line parsing enabled.
**document
(./document.tex
LaTeX2e <2023-06-01> patch level 1
L3 programming layer <2023-08-29>
(c:/texlive/2023/texmf-dist/tex/latex/base/article.cls
Document Class: article 2023/05/17 v1.4n Standard LaTeX document class
(c:/texlive/2023/texmf-dist/tex/latex/base/size10.clo
File: size10.clo 2023/05/17 v1.4n Standard LaTeX file (size option)
)
\c@part=\count181
\c@section=\count182
\c@subsection=\count183
\c@subsubsection=\count184
\c@paragraph=\count185
\c@subparagraph=\count186
\c@figure=\count187
\c@table=\count188
\abovecaptionskip=\skip48
\belowcaptionskip=\skip49
\bibindent=\dimen140
) (c:/texlive/2023/texmf-dist/tex/latex/graphics/graphicx.sty
Package: graphicx 2021/09/16 v1.2d Enhanced LaTeX Graphics (DPC,SPQR)
 (c:/texlive/2023/texmf-dist/tex/latex/graphics/keyval.sty
Package: keyval 2022/05/29 v1.15 key=value parser (DPC)
\KV@toks@=\toks17
) (c:/texlive/2023/texmf-dist/tex/latex/graphics/graphics.sty
Package: graphics 2022/03/10 v1.4e Standard LaTeX Graphics (DPC,SPQR)
 (c:/texlive/2023/texmf-dist/tex/latex/graphics/trig.sty
Package: trig 2021/08/11 v1.11 sin cos tan (DPC)
) (c:/texlive/2023/texmf-dist/tex/latex/graphics-cfg/graphics.cfg
File: graphics.cfg 2016/06/04 v1.11 sample graphics configuration
)
Package graphics Info: Driver file: xetex.def on input line 107.
 (c:/texlive/2023/texmf-dist/tex/latex/graphics-def/xetex.def
File: xetex.def 2022/09/22 v5.0n Graphics/color driver for xetex
))
\Gin@req@height=\dimen141
\Gin@req@width=\dimen142
) (c:/texlive/2023/texmf-dist/tex/latex/xcolor/xcolor.sty
Package: xcolor 2022/06/12 v2.14 LaTeX color extensions (UK)
 (c:/texlive/2023/texmf-dist/tex/latex/graphics-cfg/color.cfg
File: color.cfg 2016/01/02 v1.6 sample color configuration
)
Package xcolor Info: Driver file: xetex.def on input line 227.
 (c:/texlive/2023/texmf-dist/tex/latex/graphics/mathcolor.ltx)
Package xcolor Info: Model `cmy' substituted by `cmy0' on input line 1353.
Package xcolor Info: Model `RGB' extended on input line 1369.
Package xcolor Info: Model `HTML' substituted by `rgb' on input line 1371.
Package xcolor Info: Model `Hsb' substituted by `hsb' on input line 1372.
Package xcolor Info: Model `tHsb' substituted by `hsb' on input line 1373.
Package xcolor Info: Model `HSB' substituted by `hsb' on input line 1374.
Package xcolor Info: Model `Gray' substituted by `gray' on input line 1375.
Package xcolor Info: Model `wave' substituted by `hsb' on input line 1376.
) (c:/texlive/2023/texmf-dist/tex/latex/listings/listings.sty
\lst@mode=\count189
\lst@gtempboxa=\box51
\lst@token=\toks18
\lst@length=\count190
\lst@currlwidth=\dimen143
\lst@column=\count191
\lst@pos=\count192
\lst@lostspace=\dimen144
\lst@width=\dimen145
\lst@newlines=\count193
\lst@lineno=\count194
\lst@maxwidth=\dimen146
 (c:/texlive/2023/texmf-dist/tex/latex/listings/lstmisc.sty
File: lstmisc.sty 2023/02/27 1.9 (Carsten Heinz)
\c@lstnumber=\count195
\lst@skipnumbers=\count196
\lst@framebox=\box52
) (c:/texlive/2023/texmf-dist/tex/latex/listings/listings.cfg
File: listings.cfg 2023/02/27 1.9 listings configuration
))
Package: listings 2023/02/27 1.9 (Carsten Heinz)
 (c:/texlive/2023/texmf-dist/tex/latex/algorithm2e/algorithm2e.sty
Invalid UTF-8 byte or sequence at line 284 replaced by U+FFFD.
Invalid UTF-8 byte or sequence at line 299 replaced by U+FFFD.
Invalid UTF-8 byte or sequence at line 550 replaced by U+FFFD.
Package: algorithm2e 2017/07/18 v5.2 algorithms environments
\c@AlgoLine=\count197
 (c:/texlive/2023/texmf-dist/tex/latex/base/ifthen.sty
Package: ifthen 2022/04/13 v1.1d Standard LaTeX ifthen package (DPC)
)
\algocf@hangindent=\skip50
 (c:/texlive/2023/texmf-dist/tex/latex/ifoddpage/ifoddpage.sty
Package: ifoddpage 2022/10/18 v1.2 Conditionals for odd/even page detection
\c@checkoddpage=\count198
) (c:/texlive/2023/texmf-dist/tex/latex/tools/xspace.sty
Package: xspace 2014/10/28 v1.13 Space after command names (DPC,MH)
) (c:/texlive/2023/texmf-dist/tex/latex/relsize/relsize.sty
Package: relsize 2013/03/29 ver 4.1
)
\skiptotal=\skip51
\skiplinenumber=\skip52
\skiprule=\skip53
\skiphlne=\skip54
\skiptext=\skip55
\skiplength=\skip56
\algomargin=\skip57
\skipalgocfslide=\skip58
\algowidth=\dimen147
\inoutsize=\dimen148
\inoutindent=\dimen149
\interspacetitleruled=\dimen150
\interspacealgoruled=\dimen151
\interspacetitleboxruled=\dimen152
\algocf@ruledwidth=\skip59
\algocf@inoutbox=\box53
\algocf@inputbox=\box54
\AlCapSkip=\skip60
\AlCapHSkip=\skip61
\algoskipindent=\skip62
\algocf@nlbox=\box55
\algocf@hangingbox=\box56
\algocf@untilbox=\box57
\algocf@skipuntil=\skip63
\algocf@capbox=\box58
\algocf@lcaptionbox=\skip64
\algoheightruledefault=\skip65
\algoheightrule=\skip66
\algotitleheightruledefault=\skip67
\algotitleheightrule=\skip68
\c@algocfline=\count199
\c@algocfproc=\count266
\c@algocf=\count267
\algocf@algoframe=\box59
\algocf@algobox=\box60
) (c:/texlive/2023/texmf-dist/tex/latex/l3backend/l3backend-xetex.def
File: l3backend-xetex.def 2023-04-19 L3 backend support: XeTeX
\g__graphics_track_int=\count268
\l__pdf_internal_box=\box61
\g__pdf_backend_object_int=\count269
\g__pdf_backend_annotation_int=\count270
\g__pdf_backend_link_int=\count271
)
No file document.aux.
\openout1 = `document.aux'.

LaTeX Font Info:    Checking defaults for OML/cmm/m/it on input line 36.
LaTeX Font Info:    ... okay on input line 36.
LaTeX Font Info:    Checking defaults for OMS/cmsy/m/n on input line 36.
LaTeX Font Info:    ... okay on input line 36.
LaTeX Font Info:    Checking defaults for OT1/cmr/m/n on input line 36.
LaTeX Font Info:    ... okay on input line 36.
LaTeX Font Info:    Checking defaults for T1/cmr/m/n on input line 36.
LaTeX Font Info:    ... okay on input line 36.
LaTeX Font Info:    Checking defaults for TS1/cmr/m/n on input line 36.
LaTeX Font Info:    Trying to load font information for TS1+cmr on input line 36.
(c:/texlive/2023/texmf-dist/tex/latex/base/ts1cmr.fd
File: ts1cmr.fd 2023/04/13 v2.5m Standard LaTeX font definitions
)
LaTeX Font Info:    ... okay on input line 36.
LaTeX Font Info:    Checking defaults for TU/lmr/m/n on input line 36.
LaTeX Font Info:    ... okay on input line 36.
LaTeX Font Info:    Checking defaults for OMX/cmex/m/n on input line 36.
LaTeX Font Info:    ... okay on input line 36.
LaTeX Font Info:    Checking defaults for U/cmr/m/n on input line 36.
LaTeX Font Info:    ... okay on input line 36.
\c@lstlisting=\count272
File: logo.png Graphic file (type bmp)
<logo.png>
 [1

]
No file document.toc.
\tf@toc=\write3
\openout3 = `document.toc'.

[1]
File: ori.png Graphic file (type bmp)
<ori.png>

Overfull \hbox (111.26695pt too wide) in paragraph at lines 77--78
 [][] 
 []

[2] (./document.aux)
 ***********
LaTeX2e <2023-06-01> patch level 1
L3 programming layer <2023-08-29>
 ***********


LaTeX Warning: Label(s) may have changed. Rerun to get cross-references right.

 ) 
Here is how much of TeX's memory you used:
 3702 strings out of 475584
 58571 string characters out of 5777101
 1911416 words of memory out of 5000000
 25055 multiletter control sequences out of 15000+600000
 558125 words of font info for 43 fonts, out of 8000000 for 9000
 1348 hyphenation exceptions out of 8191
 57i,5n,65p,284b,266s stack positions out of 10000i,1000n,20000p,200000b,200000s

Output written on document.pdf (3 pages).
